<?xml version="1.0" encoding="UTF-8"?>
<!-- Generated by org.testng.reporters.JUnitXMLReporter -->
<testsuite ignored="2" hostname="Supriya" failures="0" tests="1" name="Car Loan" time="0.007" errors="0" timestamp="2024-12-07T14:06:34 EST">
  <testcase classname="TestP.day2" name="MobileCarlogin" time="0.002"/>
  <testcase classname="TestP.day2" name="WebCarlogin" time="0.0">
    <ignored/>
  </testcase> <!-- WebCarlogin -->
  <testcase classname="TestP.day2" name="LoginAPICarLoan" time="0.0">
    <ignored/>
  </testcase> <!-- LoginAPICarLoan -->
</testsuite> <!-- Car Loan -->
