<?xml version="1.0" encoding="UTF-8"?>
<!-- Generated by org.testng.reporters.JUnitXMLReporter -->
<testsuite ignored="1" hostname="Supriya" failures="0" tests="3" name="Home Loan" time="0.12" errors="0" timestamp="2024-12-13T19:46:00 EST">
  <testcase classname="TestP.day3" name="LoginAPIHomeLoan" time="0.011"/>
  <testcase classname="TestP.day3" name="MobileHomelogin" time="0.002"/>
  <testcase classname="TestP.day3" name="cogin" time="0.004"/>
  <testcase classname="TestP.day3" name="WebHomelogin" time="0.0">
    <ignored/>
  </testcase> <!-- WebHomelogin -->
</testsuite> <!-- Home Loan -->
