<?xml version="1.0" encoding="UTF-8"?>
<!-- Generated by org.testng.reporters.JUnitXMLReporter -->
<testsuite ignored="2" hostname="Supriya" failures="0" tests="1" name="Personal Loan" time="0.115" errors="0" timestamp="2024-12-13T19:46:00 EST">
  <testcase classname="TestP.day2" name="MobileCarlogin" time="0.01"/>
  <testcase classname="TestP.day2" name="WebCarlogin" time="0.0">
    <ignored/>
  </testcase> <!-- WebCarlogin -->
  <testcase classname="TestP.day2" name="LoginAPICarLoan" time="0.0">
    <ignored/>
  </testcase> <!-- LoginAPICarLoan -->
</testsuite> <!-- Personal Loan -->
