<?xml version="1.0" encoding="UTF-8"?>
<!-- Generated by org.testng.reporters.JUnitXMLReporter -->
<testsuite ignored="10" hostname="Supriya" failures="0" tests="4" name="SmokeSuite" time="0.209" errors="0" timestamp="2024-12-14T15:33:49 EST">
  <testcase classname="TestP.day1" name="RIDS" time="0.022"/>
  <testcase classname="TestP.day2" name="WebCarlogin" time="0.004"/>
  <testcase classname="TestP.day3" name="WebHomelogin" time="0.001"/>
  <testcase classname="TestP.day4" name="Demo" time="0.002"/>
  <testcase classname="TestP.day1" name="plano" time="0.0">
    <ignored/>
  </testcase> <!-- plano -->
  <testcase classname="TestP.day1" name="Login" time="0.0">
    <ignored/>
  </testcase> <!-- Login -->
  <testcase classname="TestP.day2" name="MobileCarlogin" time="0.0">
    <ignored/>
  </testcase> <!-- MobileCarlogin -->
  <testcase classname="TestP.day1" name="Gerland" time="0.0">
    <ignored/>
  </testcase> <!-- Gerland -->
  <testcase classname="TestP.day1" name="SIgnOut" time="0.0">
    <ignored/>
  </testcase> <!-- SIgnOut -->
  <testcase classname="TestP.day3" name="cogin" time="0.0">
    <ignored/>
  </testcase> <!-- cogin -->
  <testcase classname="TestP.day4" name="SecondDemo" time="0.0">
    <ignored/>
  </testcase> <!-- SecondDemo -->
  <testcase classname="TestP.day2" name="LoginAPICarLoan" time="0.0">
    <ignored/>
  </testcase> <!-- LoginAPICarLoan -->
  <testcase classname="TestP.day3" name="MobileHomelogin" time="0.0">
    <ignored/>
  </testcase> <!-- MobileHomelogin -->
  <testcase classname="TestP.day3" name="LoginAPIHomeLoan" time="0.0">
    <ignored/>
  </testcase> <!-- LoginAPIHomeLoan -->
</testsuite> <!-- SmokeSuite -->
